02-05-2026 05:20:36 PM - INFO - ***************Test_001_Login***************
02-05-2026 05:20:36 PM - INFO - ***************Verifying home page title***************
02-05-2026 05:20:39 PM - INFO - ***************Home page title test is passed***************
02-05-2026 05:20:41 PM - INFO - ***************Verifying login test***************
02-05-2026 05:20:44 PM - INFO - ***************Login test is passed***************
02-05-2026 05:49:33 PM - INFO - ***************Test_001_Login***************
02-05-2026 05:49:33 PM - INFO - ***************Verifying home page title***************
02-05-2026 05:49:34 PM - INFO - ***************Home page title test is passed***************
02-05-2026 05:49:36 PM - INFO - ***************Verifying login test***************
02-05-2026 05:49:39 PM - INFO - ***************Login test is passed***************
02-05-2026 05:50:10 PM - INFO - ***************Test_001_Login***************
02-05-2026 05:50:10 PM - INFO - ***************Verifying home page title***************
02-05-2026 05:50:13 PM - INFO - ***************Home page title test is passed***************
02-05-2026 05:50:17 PM - INFO - ***************Verifying login test***************
02-05-2026 05:50:20 PM - INFO - ***************Login test is passed***************
02-05-2026 05:58:33 PM - INFO - ***************Test_001_Login***************
02-05-2026 05:58:33 PM - INFO - ***************Verifying home page title***************
02-05-2026 05:58:35 PM - INFO - ***************Home page title test is passed***************
02-05-2026 05:58:37 PM - INFO - ***************Verifying login test***************
02-05-2026 05:58:39 PM - INFO - ***************Login test is passed***************
02-05-2026 06:16:18 PM - INFO - ***************Verifying login test***************
02-05-2026 06:16:20 PM - INFO - ***************Test_001_Login***************
02-05-2026 06:16:20 PM - INFO - ***************Verifying home page title***************
02-05-2026 06:16:21 PM - INFO - ***************Login test is passed***************
02-05-2026 06:16:22 PM - INFO - ***************Home page title test is passed***************
02-05-2026 10:03:19 PM - INFO - ***************Test_001_Login***************
02-05-2026 10:03:19 PM - INFO - ***************Verifying home page title***************
02-05-2026 10:03:21 PM - INFO - ***************Home page title test is passed***************
02-05-2026 10:03:23 PM - INFO - ***************Verifying login test***************
02-05-2026 10:03:26 PM - INFO - ***************Login test is passed***************
02-05-2026 10:11:11 PM - INFO - ***************Verifying login test***************
02-05-2026 10:11:12 PM - INFO - ***************Test_001_Login***************
02-05-2026 10:11:12 PM - INFO - ***************Verifying home page title***************
02-05-2026 10:11:14 PM - INFO - ***************Home page title test is passed***************
02-05-2026 10:11:14 PM - INFO - ***************Login test is passed***************
02-05-2026 10:12:13 PM - INFO - ***************Verifying login test***************
02-05-2026 10:12:13 PM - INFO - ***************Test_001_Login***************
02-05-2026 10:12:13 PM - INFO - ***************Verifying home page title***************
02-05-2026 10:12:15 PM - INFO - ***************Home page title test is passed***************
02-05-2026 10:12:16 PM - INFO - ***************Login test is passed***************
02-05-2026 10:14:39 PM - INFO - ***************Test_001_Login***************
02-05-2026 10:14:39 PM - INFO - ***************Verifying login test***************
02-05-2026 10:14:39 PM - INFO - ***************Verifying home page title***************
02-05-2026 10:14:41 PM - INFO - ***************Home page title test is passed***************
02-05-2026 10:14:42 PM - INFO - ***************Login test is passed***************
02-05-2026 11:34:15 PM - INFO - ***************Test_002_DDT_Login***************
02-05-2026 11:34:15 PM - INFO - ***************Verifying login test***************
02-05-2026 11:35:28 PM - INFO - ***************Test_002_DDT_Login***************
02-05-2026 11:35:28 PM - INFO - ***************Verifying login test***************
02-05-2026 11:35:36 PM - INFO - ***************Passed***************
02-05-2026 11:35:36 PM - INFO - *************** Login DDT test Passed ***************
02-05-2026 11:37:22 PM - INFO - ***************Test_002_DDT_Login***************
02-05-2026 11:37:22 PM - INFO - ***************Verifying login test***************
02-05-2026 11:37:29 PM - INFO - ***************Passed***************
02-05-2026 11:37:31 PM - INFO - *************** Login DDT test Passed ***************
02-05-2026 11:42:43 PM - INFO - ***************Test_002_DDT_Login***************
02-05-2026 11:42:43 PM - INFO - ***************Verifying login test***************
02-05-2026 11:42:51 PM - INFO - ***************Passed***************
02-05-2026 11:42:57 PM - INFO - ***************Passed******************
02-05-2026 11:43:02 PM - INFO - ***************Passed******************
02-05-2026 11:43:07 PM - INFO - ***************Passed******************
02-05-2026 11:43:07 PM - INFO - *************** Login DDT test Passed ***************
02-05-2026 11:43:08 PM - INFO - *************** End of Login DDT test ***************
02-05-2026 11:43:08 PM - INFO - *************** Completed Test_002_DDT_login ***************
02-06-2026 12:02:25 PM - INFO - *************** Test_003_AddRow ***************
02-06-2026 12:02:25 PM - INFO - *************** Verifying Add Row test ***************
02-06-2026 12:04:42 PM - INFO - *************** Test_003_AddRow ***************
02-06-2026 12:04:42 PM - INFO - *************** Verifying Add Row test ***************
02-06-2026 12:08:26 PM - INFO - *************** Test_003_AddRow ***************
02-06-2026 12:08:26 PM - INFO - *************** Verifying Add Row test ***************
02-06-2026 12:10:49 PM - INFO - *************** Test_003_AddRow ***************
02-06-2026 12:10:49 PM - INFO - *************** Verifying Add Row test ***************
02-06-2026 12:11:44 PM - INFO - *************** Test_003_AddRow ***************
02-06-2026 12:11:44 PM - INFO - *************** Verifying Add Row test ***************
02-06-2026 12:12:37 PM - INFO - *************** Test_003_AddRow ***************
02-06-2026 12:12:37 PM - INFO - *************** Verifying Add Row test ***************
02-06-2026 12:14:49 PM - INFO - *************** Test_003_AddRow ***************
02-06-2026 12:14:49 PM - INFO - *************** Verifying Add Row test ***************
02-06-2026 12:16:56 PM - INFO - *************** Test_003_AddRow ***************
02-06-2026 12:16:56 PM - INFO - *************** Verifying Add Row test ***************
02-06-2026 12:20:09 PM - INFO - *************** Test_003_AddRow ***************
02-06-2026 12:20:09 PM - INFO - *************** Verifying Add Row test ***************
02-06-2026 12:20:23 PM - INFO - *************** Successfully added row 2 ***************
02-06-2026 12:20:23 PM - INFO - *************** End of Add Row test ***************
02-06-2026 12:20:23 PM - INFO - *************** Completed Test_003_AddRow ***************
02-09-2026 11:57:10 AM - INFO - *************** Test_003_AddRow ***************
02-09-2026 11:57:14 AM - INFO - *************** Login is successful ***************
02-09-2026 11:57:14 AM - INFO - *************** Verifying Add Row test ***************
02-09-2026 11:57:25 AM - INFO - *************** Successfully added row 2 ***************
02-09-2026 11:57:25 AM - INFO - *************** End of Add Row test ***************
02-09-2026 11:57:25 AM - INFO - *************** Completed Test_003_AddRow ***************
02-09-2026 12:00:05 PM - INFO - ***************Verifying login test***************
02-09-2026 12:00:05 PM - INFO - ***************Test_001_Login***************
02-09-2026 12:00:05 PM - INFO - ***************Verifying home page title***************
02-09-2026 12:00:07 PM - INFO - ***************Home page title test is passed***************
02-09-2026 12:00:09 PM - INFO - ***************Login test is passed***************
02-09-2026 12:00:42 PM - INFO - ***************Test_001_Login***************
02-09-2026 12:00:42 PM - INFO - ***************Verifying home page title***************
02-09-2026 12:00:44 PM - INFO - ***************Home page title test is passed***************
02-09-2026 12:00:49 PM - INFO - ***************Verifying login test***************
02-09-2026 12:00:53 PM - INFO - ***************Login test is passed***************
02-09-2026 12:05:15 PM - INFO - ***************Verifying login test***************
02-09-2026 12:05:15 PM - INFO - ***************Verifying login test***************
02-09-2026 12:05:15 PM - INFO - ***************Verifying login test***************
02-09-2026 12:05:16 PM - INFO - *************** Test_003_AddRow ***************
02-09-2026 12:05:16 PM - INFO - *************** Test_003_AddRow ***************
02-09-2026 12:05:16 PM - INFO - *************** Test_003_AddRow ***************
02-09-2026 12:05:22 PM - INFO - *************** Login is successful ***************
02-09-2026 12:05:22 PM - INFO - *************** Login is successful ***************
02-09-2026 12:05:22 PM - INFO - *************** Login is successful ***************
02-09-2026 12:05:22 PM - INFO - *************** Verifying Add Row test ***************
02-09-2026 12:05:22 PM - INFO - *************** Verifying Add Row test ***************
02-09-2026 12:05:22 PM - INFO - *************** Verifying Add Row test ***************
02-09-2026 12:05:22 PM - INFO - ***************Login test is passed***************
02-09-2026 12:05:22 PM - INFO - ***************Login test is passed***************
02-09-2026 12:05:22 PM - INFO - ***************Login test is passed***************
02-09-2026 12:05:26 PM - INFO - ***************Test_002_DDT_Login***************
02-09-2026 12:05:26 PM - INFO - ***************Test_002_DDT_Login***************
02-09-2026 12:05:26 PM - INFO - ***************Test_002_DDT_Login***************
02-09-2026 12:05:26 PM - INFO - ***************Verifying login test***************
02-09-2026 12:05:26 PM - INFO - ***************Verifying login test***************
02-09-2026 12:05:26 PM - INFO - ***************Verifying login test***************
02-09-2026 12:05:33 PM - INFO - *************** Successfully added row 2 ***************
02-09-2026 12:05:33 PM - INFO - *************** Successfully added row 2 ***************
02-09-2026 12:05:33 PM - INFO - *************** Successfully added row 2 ***************
02-09-2026 12:05:33 PM - INFO - *************** End of Add Row test ***************
02-09-2026 12:05:33 PM - INFO - *************** End of Add Row test ***************
02-09-2026 12:05:33 PM - INFO - *************** End of Add Row test ***************
02-09-2026 12:05:33 PM - INFO - *************** Completed Test_003_AddRow ***************
02-09-2026 12:05:33 PM - INFO - *************** Completed Test_003_AddRow ***************
02-09-2026 12:05:33 PM - INFO - *************** Completed Test_003_AddRow ***************
02-09-2026 12:05:34 PM - INFO - ***************Passed***************
02-09-2026 12:05:34 PM - INFO - ***************Passed***************
02-09-2026 12:05:34 PM - INFO - ***************Passed***************
02-09-2026 12:05:37 PM - INFO - ***************Test_001_Login***************
02-09-2026 12:05:37 PM - INFO - ***************Test_001_Login***************
02-09-2026 12:05:37 PM - INFO - ***************Test_001_Login***************
02-09-2026 12:05:37 PM - INFO - ***************Verifying home page title***************
02-09-2026 12:05:37 PM - INFO - ***************Verifying home page title***************
02-09-2026 12:05:37 PM - INFO - ***************Verifying home page title***************
02-09-2026 12:05:40 PM - INFO - ***************Home page title test is passed***************
02-09-2026 12:05:40 PM - INFO - ***************Home page title test is passed***************
02-09-2026 12:05:40 PM - INFO - ***************Home page title test is passed***************
02-09-2026 12:05:41 PM - INFO - ***************Passed******************
02-09-2026 12:05:41 PM - INFO - ***************Passed******************
02-09-2026 12:05:41 PM - INFO - ***************Passed******************
02-09-2026 12:05:46 PM - INFO - ***************Passed******************
02-09-2026 12:05:46 PM - INFO - ***************Passed******************
02-09-2026 12:05:46 PM - INFO - ***************Passed******************
02-09-2026 12:05:51 PM - INFO - ***************Passed******************
02-09-2026 12:05:51 PM - INFO - ***************Passed******************
02-09-2026 12:05:51 PM - INFO - ***************Passed******************
02-09-2026 12:05:51 PM - INFO - *************** Login DDT test Passed ***************
02-09-2026 12:05:51 PM - INFO - *************** Login DDT test Passed ***************
02-09-2026 12:05:51 PM - INFO - *************** Login DDT test Passed ***************
02-09-2026 12:05:52 PM - INFO - *************** End of Login DDT test ***************
02-09-2026 12:05:52 PM - INFO - *************** End of Login DDT test ***************
02-09-2026 12:05:52 PM - INFO - *************** End of Login DDT test ***************
02-09-2026 12:05:52 PM - INFO - *************** Completed Test_002_DDT_login ***************
02-09-2026 12:05:52 PM - INFO - *************** Completed Test_002_DDT_login ***************
02-09-2026 12:05:52 PM - INFO - *************** Completed Test_002_DDT_login ***************
02-09-2026 05:46:58 PM - INFO - *************** Test_004_LanguageFilter ***************
02-09-2026 05:47:02 PM - INFO - *************** Login is successful ***************
02-09-2026 05:47:02 PM - INFO - *************** Verifying Language Filter test ***************
02-09-2026 05:48:46 PM - INFO - *************** Test_004_LanguageFilter ***************
02-09-2026 05:48:49 PM - INFO - *************** Login is successful ***************
02-09-2026 05:48:49 PM - INFO - *************** Verifying Language Filter test ***************
02-09-2026 05:50:45 PM - INFO - *************** Test_004_LanguageFilter ***************
02-09-2026 05:50:49 PM - INFO - *************** Login is successful ***************
02-09-2026 05:50:49 PM - INFO - *************** Verifying Language Filter test ***************
02-09-2026 05:56:03 PM - INFO - *************** Test_004_LanguageFilter ***************
02-09-2026 05:56:07 PM - INFO - *************** Login is successful ***************
02-09-2026 05:56:07 PM - INFO - *************** Verifying Language Filter test ***************
02-09-2026 05:56:08 PM - INFO - *************** Language filter is not working ***************
02-09-2026 05:57:56 PM - INFO - *************** Test_004_LanguageFilter ***************
02-09-2026 05:57:59 PM - INFO - *************** Login is successful ***************
02-09-2026 05:57:59 PM - INFO - *************** Verifying Language Filter test ***************
02-09-2026 05:58:00 PM - INFO - *************** Language filter is not working ***************
02-09-2026 06:05:52 PM - INFO - *************** Test_004_LanguageFilter ***************
02-09-2026 06:05:56 PM - INFO - *************** Login is successful ***************
02-09-2026 06:05:56 PM - INFO - *************** Verifying Language Filter test ***************
02-09-2026 06:05:57 PM - INFO - *************** Language filter is not working ***************
02-09-2026 06:25:11 PM - INFO - *************** Test_004_LanguageFilter ***************
02-09-2026 06:25:14 PM - INFO - *************** Login is successful ***************
02-09-2026 06:25:14 PM - INFO - *************** Verifying Language Filter test ***************
02-09-2026 06:25:15 PM - INFO - *************** Language filter is not working ***************
02-09-2026 06:26:19 PM - INFO - *************** Test_004_LanguageFilter ***************
02-09-2026 06:26:22 PM - INFO - *************** Login is successful ***************
02-09-2026 06:26:22 PM - INFO - *************** Verifying Language Filter test ***************
02-09-2026 06:26:23 PM - INFO - *************** Successfully verified Python language filter ***************
02-09-2026 06:26:23 PM - INFO - *************** Successfully verified Python language filter ***************
02-09-2026 06:26:23 PM - INFO - *************** End of Language filter test ***************
02-09-2026 06:26:23 PM - INFO - *************** Completed Test_003_LanguageFilter ***************
02-09-2026 06:36:21 PM - INFO - *************** Test_004_LanguageFilter ***************
02-09-2026 06:36:24 PM - INFO - *************** Login is successful ***************
02-09-2026 06:36:24 PM - INFO - *************** Verifying Language Filter test ***************
02-09-2026 06:36:25 PM - INFO - *************** Successfully verified Python language filter ***************
02-09-2026 06:36:25 PM - INFO - *************** Successfully verified Python language filter ***************
02-09-2026 06:36:25 PM - INFO - *************** Language filter is not working ***************
02-10-2026 05:52:55 PM - INFO - *************** Test_004_LanguageFilter ***************
02-10-2026 05:52:58 PM - INFO - *************** Login is successful ***************
02-10-2026 05:52:58 PM - INFO - *************** Verifying Language Filter test ***************
02-10-2026 05:52:59 PM - INFO - *************** Successfully verified Python language filter ***************
02-10-2026 05:52:59 PM - INFO - *************** Successfully verified Python language filter ***************
02-10-2026 05:52:59 PM - INFO - *************** End of Language filter test ***************
02-10-2026 05:52:59 PM - INFO - *************** Completed Test_003_LanguageFilter ***************
02-10-2026 06:14:44 PM - INFO - *************** Test_003_AddRow ***************
02-10-2026 06:14:44 PM - INFO - *************** Test_003_AddRow ***************
02-10-2026 06:14:44 PM - INFO - *************** Test_003_AddRow ***************
02-10-2026 06:14:44 PM - INFO - *************** Test_003_AddRow ***************
02-10-2026 06:14:47 PM - INFO - *************** Login is successful ***************
02-10-2026 06:14:47 PM - INFO - *************** Login is successful ***************
02-10-2026 06:14:47 PM - INFO - *************** Login is successful ***************
02-10-2026 06:14:47 PM - INFO - *************** Login is successful ***************
02-10-2026 06:14:47 PM - INFO - *************** Verifying Add Row test ***************
02-10-2026 06:14:47 PM - INFO - *************** Verifying Add Row test ***************
02-10-2026 06:14:47 PM - INFO - *************** Verifying Add Row test ***************
02-10-2026 06:14:47 PM - INFO - *************** Verifying Add Row test ***************
02-10-2026 06:14:59 PM - INFO - *************** Successfully added row 2 ***************
02-10-2026 06:14:59 PM - INFO - *************** Successfully added row 2 ***************
02-10-2026 06:14:59 PM - INFO - *************** Successfully added row 2 ***************
02-10-2026 06:14:59 PM - INFO - *************** Successfully added row 2 ***************
02-10-2026 06:14:59 PM - INFO - *************** End of Add Row test ***************
02-10-2026 06:14:59 PM - INFO - *************** End of Add Row test ***************
02-10-2026 06:14:59 PM - INFO - *************** End of Add Row test ***************
02-10-2026 06:14:59 PM - INFO - *************** End of Add Row test ***************
02-10-2026 06:14:59 PM - INFO - *************** Completed Test_003_AddRow ***************
02-10-2026 06:14:59 PM - INFO - *************** Completed Test_003_AddRow ***************
02-10-2026 06:14:59 PM - INFO - *************** Completed Test_003_AddRow ***************
02-10-2026 06:14:59 PM - INFO - *************** Completed Test_003_AddRow ***************
02-10-2026 06:15:01 PM - INFO - ***************Verifying login test***************
02-10-2026 06:15:01 PM - INFO - ***************Verifying login test***************
02-10-2026 06:15:01 PM - INFO - ***************Verifying login test***************
02-10-2026 06:15:01 PM - INFO - ***************Verifying login test***************
02-10-2026 06:15:04 PM - INFO - ***************Login test is passed***************
02-10-2026 06:15:04 PM - INFO - ***************Login test is passed***************
02-10-2026 06:15:04 PM - INFO - ***************Login test is passed***************
02-10-2026 06:15:04 PM - INFO - ***************Login test is passed***************
02-10-2026 08:08:38 PM - INFO - *************** Test_003_AddRow ***************
02-10-2026 08:08:38 PM - INFO - *************** Test_003_AddRow ***************
02-10-2026 08:08:38 PM - INFO - *************** Test_003_AddRow ***************
02-10-2026 08:08:38 PM - INFO - *************** Test_003_AddRow ***************
02-10-2026 08:08:42 PM - INFO - *************** Login is successful ***************
02-10-2026 08:08:42 PM - INFO - *************** Login is successful ***************
02-10-2026 08:08:42 PM - INFO - *************** Login is successful ***************
02-10-2026 08:08:42 PM - INFO - *************** Login is successful ***************
02-10-2026 08:08:42 PM - INFO - *************** Verifying Add Row test ***************
02-10-2026 08:08:42 PM - INFO - *************** Verifying Add Row test ***************
02-10-2026 08:08:42 PM - INFO - *************** Verifying Add Row test ***************
02-10-2026 08:08:42 PM - INFO - *************** Verifying Add Row test ***************
02-10-2026 08:08:54 PM - INFO - *************** Successfully added row 2 ***************
02-10-2026 08:08:54 PM - INFO - *************** Successfully added row 2 ***************
02-10-2026 08:08:54 PM - INFO - *************** Successfully added row 2 ***************
02-10-2026 08:08:54 PM - INFO - *************** Successfully added row 2 ***************
02-10-2026 08:08:54 PM - INFO - *************** End of Add Row test ***************
02-10-2026 08:08:54 PM - INFO - *************** End of Add Row test ***************
02-10-2026 08:08:54 PM - INFO - *************** End of Add Row test ***************
02-10-2026 08:08:54 PM - INFO - *************** End of Add Row test ***************
02-10-2026 08:08:54 PM - INFO - *************** Completed Test_003_AddRow ***************
02-10-2026 08:08:54 PM - INFO - *************** Completed Test_003_AddRow ***************
02-10-2026 08:08:54 PM - INFO - *************** Completed Test_003_AddRow ***************
02-10-2026 08:08:54 PM - INFO - *************** Completed Test_003_AddRow ***************
02-10-2026 08:08:58 PM - INFO - ***************Verifying login test***************
02-10-2026 08:08:58 PM - INFO - ***************Verifying login test***************
02-10-2026 08:08:58 PM - INFO - ***************Verifying login test***************
02-10-2026 08:08:58 PM - INFO - ***************Verifying login test***************
02-10-2026 08:09:02 PM - INFO - ***************Login test is passed***************
02-10-2026 08:09:02 PM - INFO - ***************Login test is passed***************
02-10-2026 08:09:02 PM - INFO - ***************Login test is passed***************
02-10-2026 08:09:02 PM - INFO - ***************Login test is passed***************
02-10-2026 08:11:32 PM - INFO - *************** Test_003_AddRow ***************
02-10-2026 08:11:32 PM - INFO - *************** Test_003_AddRow ***************
02-10-2026 08:11:32 PM - INFO - *************** Test_003_AddRow ***************
02-10-2026 08:11:32 PM - INFO - *************** Test_003_AddRow ***************
02-10-2026 08:11:36 PM - INFO - *************** Login is successful ***************
02-10-2026 08:11:36 PM - INFO - *************** Login is successful ***************
02-10-2026 08:11:36 PM - INFO - *************** Login is successful ***************
02-10-2026 08:11:36 PM - INFO - *************** Login is successful ***************
02-10-2026 08:11:36 PM - INFO - *************** Verifying Add Row test ***************
02-10-2026 08:11:36 PM - INFO - *************** Verifying Add Row test ***************
02-10-2026 08:11:36 PM - INFO - *************** Verifying Add Row test ***************
02-10-2026 08:11:36 PM - INFO - *************** Verifying Add Row test ***************
02-10-2026 08:11:47 PM - INFO - *************** Successfully added row 2 ***************
02-10-2026 08:11:47 PM - INFO - *************** Successfully added row 2 ***************
02-10-2026 08:11:47 PM - INFO - *************** Successfully added row 2 ***************
02-10-2026 08:11:47 PM - INFO - *************** Successfully added row 2 ***************
02-10-2026 08:11:47 PM - INFO - *************** End of Add Row test ***************
02-10-2026 08:11:47 PM - INFO - *************** End of Add Row test ***************
02-10-2026 08:11:47 PM - INFO - *************** End of Add Row test ***************
02-10-2026 08:11:47 PM - INFO - *************** End of Add Row test ***************
02-10-2026 08:11:47 PM - INFO - *************** Completed Test_003_AddRow ***************
02-10-2026 08:11:47 PM - INFO - *************** Completed Test_003_AddRow ***************
02-10-2026 08:11:47 PM - INFO - *************** Completed Test_003_AddRow ***************
02-10-2026 08:11:47 PM - INFO - *************** Completed Test_003_AddRow ***************
02-10-2026 08:11:52 PM - INFO - ***************Verifying login test***************
02-10-2026 08:11:52 PM - INFO - ***************Verifying login test***************
02-10-2026 08:11:52 PM - INFO - ***************Verifying login test***************
02-10-2026 08:11:52 PM - INFO - ***************Verifying login test***************
02-10-2026 08:11:55 PM - INFO - ***************Login test is passed***************
02-10-2026 08:11:55 PM - INFO - ***************Login test is passed***************
02-10-2026 08:11:55 PM - INFO - ***************Login test is passed***************
02-10-2026 08:11:55 PM - INFO - ***************Login test is passed***************
02-10-2026 08:15:09 PM - INFO - *************** Test_003_AddRow ***************
02-10-2026 08:15:09 PM - INFO - *************** Test_003_AddRow ***************
02-10-2026 08:15:09 PM - INFO - *************** Test_003_AddRow ***************
02-10-2026 08:15:09 PM - INFO - *************** Test_003_AddRow ***************
02-10-2026 08:15:14 PM - INFO - *************** Login is successful ***************
02-10-2026 08:15:14 PM - INFO - *************** Login is successful ***************
02-10-2026 08:15:14 PM - INFO - *************** Login is successful ***************
02-10-2026 08:15:14 PM - INFO - *************** Login is successful ***************
02-10-2026 08:15:14 PM - INFO - *************** Verifying Add Row test ***************
02-10-2026 08:15:14 PM - INFO - *************** Verifying Add Row test ***************
02-10-2026 08:15:14 PM - INFO - *************** Verifying Add Row test ***************
02-10-2026 08:15:14 PM - INFO - *************** Verifying Add Row test ***************
02-10-2026 08:15:25 PM - INFO - *************** Successfully added row 2 ***************
02-10-2026 08:15:25 PM - INFO - *************** Successfully added row 2 ***************
02-10-2026 08:15:25 PM - INFO - *************** Successfully added row 2 ***************
02-10-2026 08:15:25 PM - INFO - *************** Successfully added row 2 ***************
02-10-2026 08:15:25 PM - INFO - *************** End of Add Row test ***************
02-10-2026 08:15:25 PM - INFO - *************** End of Add Row test ***************
02-10-2026 08:15:25 PM - INFO - *************** End of Add Row test ***************
02-10-2026 08:15:25 PM - INFO - *************** End of Add Row test ***************
02-10-2026 08:15:25 PM - INFO - *************** Completed Test_003_AddRow ***************
02-10-2026 08:15:25 PM - INFO - *************** Completed Test_003_AddRow ***************
02-10-2026 08:15:25 PM - INFO - *************** Completed Test_003_AddRow ***************
02-10-2026 08:15:25 PM - INFO - *************** Completed Test_003_AddRow ***************
02-10-2026 08:15:30 PM - INFO - ***************Verifying login test***************
02-10-2026 08:15:30 PM - INFO - ***************Verifying login test***************
02-10-2026 08:15:30 PM - INFO - ***************Verifying login test***************
02-10-2026 08:15:30 PM - INFO - ***************Verifying login test***************
02-10-2026 08:15:36 PM - INFO - ***************Login test is passed***************
02-10-2026 08:15:36 PM - INFO - ***************Login test is passed***************
02-10-2026 08:15:36 PM - INFO - ***************Login test is passed***************
02-10-2026 08:15:36 PM - INFO - ***************Login test is passed***************
02-10-2026 08:18:07 PM - INFO - ***************Test_001_Login***************
02-10-2026 08:18:07 PM - INFO - ***************Verifying home page title***************
02-10-2026 08:18:09 PM - INFO - ***************Home page title test is passed***************
02-10-2026 08:18:14 PM - INFO - ***************Verifying login test***************
02-10-2026 08:18:18 PM - INFO - ***************Login test is passed***************
02-10-2026 08:21:35 PM - INFO - ***************Test_001_Login***************
02-10-2026 08:21:35 PM - INFO - ***************Verifying home page title***************
02-10-2026 08:21:38 PM - INFO - ***************Home page title test is passed***************
02-10-2026 08:21:42 PM - INFO - ***************Verifying login test***************
02-10-2026 08:21:46 PM - INFO - ***************Login test is passed***************
02-10-2026 08:24:43 PM - INFO - ***************Test_001_Login***************
02-10-2026 08:24:43 PM - INFO - ***************Verifying home page title***************
02-10-2026 08:24:45 PM - INFO - ***************Home page title test is passed***************
02-10-2026 08:24:50 PM - INFO - ***************Verifying login test***************
02-10-2026 08:24:53 PM - INFO - ***************Login test is passed***************
02-11-2026 11:22:01 AM - INFO - *************** Test_003_AddRow ***************
02-11-2026 11:22:01 AM - INFO - *************** Test_003_AddRow ***************
02-11-2026 11:22:01 AM - INFO - *************** Test_003_AddRow ***************
02-11-2026 11:22:01 AM - INFO - *************** Test_003_AddRow ***************
02-11-2026 11:22:04 AM - INFO - *************** Login is successful ***************
02-11-2026 11:22:04 AM - INFO - *************** Login is successful ***************
02-11-2026 11:22:04 AM - INFO - *************** Login is successful ***************
02-11-2026 11:22:04 AM - INFO - *************** Login is successful ***************
02-11-2026 11:22:04 AM - INFO - *************** Verifying Add Row test ***************
02-11-2026 11:22:04 AM - INFO - *************** Verifying Add Row test ***************
02-11-2026 11:22:04 AM - INFO - *************** Verifying Add Row test ***************
02-11-2026 11:22:04 AM - INFO - *************** Verifying Add Row test ***************
02-11-2026 11:22:15 AM - INFO - *************** Successfully added row 2 ***************
02-11-2026 11:22:15 AM - INFO - *************** Successfully added row 2 ***************
02-11-2026 11:22:15 AM - INFO - *************** Successfully added row 2 ***************
02-11-2026 11:22:15 AM - INFO - *************** Successfully added row 2 ***************
02-11-2026 11:22:15 AM - INFO - *************** End of Add Row test ***************
02-11-2026 11:22:15 AM - INFO - *************** End of Add Row test ***************
02-11-2026 11:22:15 AM - INFO - *************** End of Add Row test ***************
02-11-2026 11:22:15 AM - INFO - *************** End of Add Row test ***************
02-11-2026 11:22:15 AM - INFO - *************** Completed Test_003_AddRow ***************
02-11-2026 11:22:15 AM - INFO - *************** Completed Test_003_AddRow ***************
02-11-2026 11:22:15 AM - INFO - *************** Completed Test_003_AddRow ***************
02-11-2026 11:22:15 AM - INFO - *************** Completed Test_003_AddRow ***************
02-11-2026 11:22:17 AM - INFO - ***************Verifying login test***************
02-11-2026 11:22:17 AM - INFO - ***************Verifying login test***************
02-11-2026 11:22:17 AM - INFO - ***************Verifying login test***************
02-11-2026 11:22:17 AM - INFO - ***************Verifying login test***************
02-11-2026 11:22:20 AM - INFO - ***************Login test is passed***************
02-11-2026 11:22:20 AM - INFO - ***************Login test is passed***************
02-11-2026 11:22:20 AM - INFO - ***************Login test is passed***************
02-11-2026 11:22:20 AM - INFO - ***************Login test is passed***************
